OpenJDK 64-Bit Server VM (25.232-b10) for windows-amd64 JRE (1.8.0_232-b10), built on Feb 15 2020 11:05:55 by "Administrator" with MS VC++ 10.0 (VS2010)
Memory: 4k page, physical 16658532k(5160752k free), swap 32911460k(13754040k free)
CommandLine flags: -XX:-BytecodeVerificationLocal -XX:-BytecodeVerificationRemote -XX:InitialHeapSize=2147483648 -XX:+ManagementServer -XX:MaxHeapSize=2147483648 -XX:MaxNewSize=697933824 -XX:MaxTenuringThreshold=6 -XX:NewSize=697933824 -XX:OldPLABSize=16 -XX:OldSize=1395867648 -XX:+PrintGC -XX:+PrintGCDetails -XX:+PrintGCTimeStamps -XX:TieredStopAtLevel=1 -XX:+UseCompressedClassPointers -XX:+UseCompressedOops -XX:+UseConcMarkSweepGC -XX:-UseLargePagesIndividualAllocation -XX:+UseParNewGC 
4.346: [GC (CMS Initial Mark) [1 CMS-initial-mark: 0K(1415616K)] 501787K(2029056K), 0.0407994 secs] [Times: user=0.13 sys=0.00, real=0.04 secs] 
4.387: [CMS-concurrent-mark-start]
4.387: [CMS-concurrent-mark: 0.000/0.000 secs] [Times: user=0.00 sys=0.00, real=0.00 secs] 
4.387: [CMS-concurrent-preclean-start]
4.390: [CMS-concurrent-preclean: 0.003/0.003 secs] [Times: user=0.00 sys=0.00, real=0.00 secs] 
4.391: [CMS-concurrent-abortable-preclean-start]
5.008: [GC (Allocation Failure) 5.008: [ParNew: 545344K->23218K(613440K), 0.0259947 secs] 545344K->23218K(2029056K), 0.0260674 secs] [Times: user=0.02 sys=0.00, real=0.03 secs] 
6.822: [CMS-concurrent-abortable-preclean: 1.103/2.432 secs] [Times: user=3.55 sys=0.61, real=2.43 secs] 
6.822: [GC (CMS Final Remark) [YG occupancy: 301786 K (613440 K)]6.822: [Rescan (parallel) , 0.0418038 secs]6.864: [weak refs processing, 0.0003348 secs]6.865: [class unloading, 0.0031309 secs]6.868: [scrub symbol table, 0.0055243 secs]6.873: [scrub string table, 0.0003647 secs][1 CMS-remark: 0K(1415616K)] 301786K(2029056K), 0.0520152 secs] [Times: user=0.20 sys=0.00, real=0.05 secs] 
6.874: [CMS-concurrent-sweep-start]
6.874: [CMS-concurrent-sweep: 0.000/0.000 secs] [Times: user=0.00 sys=0.00, real=0.00 secs] 
6.875: [CMS-concurrent-reset-start]
6.883: [CMS-concurrent-reset: 0.009/0.009 secs] [Times: user=0.01 sys=0.02, real=0.01 secs] 
8.758: [GC (Allocation Failure) 8.758: [ParNew: 568562K->38653K(613440K), 0.0377301 secs] 568562K->38653K(2029056K), 0.0378049 secs] [Times: user=0.11 sys=0.00, real=0.04 secs] 
12.796: [GC (CMS Initial Mark) [1 CMS-initial-mark: 0K(1415616K)] 417725K(2029056K), 0.0319466 secs] [Times: user=0.17 sys=0.00, real=0.03 secs] 
12.828: [CMS-concurrent-mark-start]
12.828: [CMS-concurrent-mark: 0.001/0.001 secs] [Times: user=0.00 sys=0.00, real=0.00 secs] 
12.828: [CMS-concurrent-preclean-start]
12.831: [CMS-concurrent-preclean: 0.003/0.003 secs] [Times: user=0.00 sys=0.00, real=0.00 secs] 
12.831: [CMS-concurrent-abortable-preclean-start]
13.786: [GC (Allocation Failure) 13.786: [ParNew: 583997K->45613K(613440K), 0.0592542 secs] 583997K->56248K(2029056K), 0.0593236 secs] [Times: user=0.30 sys=0.00, real=0.06 secs] 
16.887: [CMS-concurrent-abortable-preclean: 2.952/4.056 secs] [Times: user=5.80 sys=1.09, real=4.06 secs] 
16.888: [GC (CMS Final Remark) [YG occupancy: 321695 K (613440 K)]16.888: [Rescan (parallel) , 0.0431557 secs]16.931: [weak refs processing, 0.0008574 secs]16.932: [class unloading, 0.0064842 secs]16.938: [scrub symbol table, 0.0156510 secs]16.954: [scrub string table, 0.0009831 secs][1 CMS-remark: 10635K(1415616K)] 332331K(2029056K), 0.0677402 secs] [Times: user=0.36 sys=0.00, real=0.07 secs] 
16.956: [CMS-concurrent-sweep-start]
16.960: [CMS-concurrent-sweep: 0.004/0.004 secs] [Times: user=0.03 sys=0.02, real=0.00 secs] 
16.960: [CMS-concurrent-reset-start]
16.962: [CMS-concurrent-reset: 0.002/0.002 secs] [Times: user=0.00 sys=0.00, real=0.00 secs] 
Heap
 par new generation   total 613440K, used 420000K [0x0000000080000000, 0x00000000a9990000, 0x00000000a9990000)
  eden space 545344K,  68% used [0x0000000080000000, 0x0000000096d9cb70, 0x00000000a1490000)
  from space 68096K,  66% used [0x00000000a5710000, 0x00000000a839b508, 0x00000000a9990000)
  to   space 68096K,   0% used [0x00000000a1490000, 0x00000000a1490000, 0x00000000a5710000)
 concurrent mark-sweep generation total 1415616K, used 10635K [0x00000000a9990000, 0x0000000100000000, 0x0000000100000000)
 Metaspace       used 71350K, capacity 75047K, committed 75164K, reserved 1114112K
  class space    used 9400K, capacity 10167K, committed 10260K, reserved 1048576K
